[2026-03-27 00:35:25] [INFO] [IP: ::1] - Rota inexistente. Detalhe: ROTA: App\Controllers\T6CZUoController | LINHA: 32
[2026-03-27 01:17:09] [INFO] [IP: ::1] - Rota inexistente. Detalhe: ROTA: App\Controllers\1IIRWCController | LINHA: 36
[2026-03-27 01:17:15] [INFO] [IP: ::1] - Rota inexistente. Detalhe: ROTA: App\Controllers\1IIRWCController | LINHA: 36
[2026-03-27 01:19:35] [INFO] [IP: ::1] - Rota inexistente. Detalhe: ROTA: App\Controllers\1IIRWCController | LINHA: 36
[2026-03-27 01:19:38] [INFO] [IP: ::1] - Rota inexistente. Detalhe: ROTA: App\Controllers\1IIRWCController | LINHA: 36
[2026-03-27 01:21:40] [INFO] [IP: ::1] - Rota inexistente. Detalhe: ROTA: App\Controllers\1IIRWCController | LINHA: 36
[2026-03-27 01:21:57] [INFO] [IP: ::1] - Rota inexistente. Detalhe: ROTA: App\Controllers\1IIRWCController | LINHA: 36
[2026-03-27 01:22:02] [INFO] [IP: ::1] - Rota inexistente. Detalhe: ROTA: App\Controllers\1IIRWCController | LINHA: 36
[2026-03-27 01:23:11] [INFO] [IP: ::1] - Rota inexistente. Detalhe: ROTA: App\Controllers\1IIRWCController | LINHA: 36
[2026-03-27 01:23:33] [INFO] [IP: ::1] - Rota inexistente. Detalhe: ROTA: App\Controllers\1IIRWCController | LINHA: 36
[2026-03-27 01:23:37] [INFO] [IP: ::1] - Rota inexistente. Detalhe: ROTA: App\Controllers\1IIRWCController | LINHA: 36
[2026-03-27 01:26:44] [INFO] [IP: ::1] - Rota inexistente. Detalhe: ROTA: App\Controllers\1IIRWCController | LINHA: 36
[2026-03-27 01:29:51] [INFO] [IP: ::1] - Rota inexistente. Detalhe: ROTA: App\Controllers\1IIRWCController | LINHA: 36
[2026-03-27 01:31:33] [INFO] [IP: ::1] - Rota inexistente. Detalhe: ROTA: App\Controllers\1IIRWCController | LINHA: 36
[2026-03-27 19:39:21] [INFO] [IP: ::1] - Rota inexistente. Detalhe: ROTA: Nenhuma URL encontrada para converter | LINHA: 40
[2026-03-27 19:40:08] [INFO] [IP: ::1] - Rota inexistente. Detalhe: ROTA: Nenhuma URL encontrada para converter | LINHA: 40
[2026-03-27 19:41:47] [INFO] [IP: ::1] - Rota inexistente. Detalhe: ROTA: Nenhuma URL encontrada para converter | LINHA: 40
[2026-03-27 19:42:36] [INFO] [IP: ::1] - Rota inexistente. Detalhe: ROTA: Nenhuma URL encontrada para converter | LINHA: 40
[2026-03-27 19:43:17] [INFO] [IP: ::1] - Rota inexistente. Detalhe: Array
[2026-03-27 19:45:21] [INFO] [IP: ::1] - Rota inexistente. Detalhe: ROTA: Nenhuma URL encontrada para converter | LINHA: 40
[2026-03-27 19:45:47] [INFO] [IP: ::1] - Rota inexistente. Detalhe: ROTA: Nenhuma URL encontrada para converter | LINHA: 40
[2026-03-27 19:45:55] [INFO] [IP: ::1] - Rota inexistente. Detalhe: ROTA: Nenhuma URL encontrada para converter | LINHA: 40
[2026-03-27 19:46:12] [INFO] [IP: ::1] - Rota inexistente. Detalhe: ROTA: Nenhuma URL encontrada para converter | LINHA: 40
[2026-03-27 19:46:35] [INFO] [IP: ::1] - Rota inexistente. Detalhe: ROTA: Nenhuma URL encontrada para converter | LINHA: 40
[2026-03-27 19:48:27] [INFO] [IP: ::1] - Rota inexistente. Detalhe: ROTA: Nenhuma URL encontrada para converter | LINHA: 40
[2026-03-27 19:48:54] [INFO] [IP: ::1] - Rota inexistente. Detalhe: ROTA: Nenhuma URL encontrada para converter | LINHA: 40
[2026-03-27 19:49:08] [INFO] [IP: ::1] - Rota inexistente. Detalhe: ROTA: Nenhuma URL encontrada para converter | LINHA: 40
[2026-03-27 19:49:36] [INFO] [IP: ::1] - Rota inexistente. Detalhe: ROTA: Nenhuma URL encontrada para converter | LINHA: 40
[2026-03-27 19:49:47] [INFO] [IP: ::1] - Rota inexistente. Detalhe: ROTA: Nenhuma URL encontrada para converter | LINHA: 40
[2026-03-27 19:50:24] [INFO] [IP: ::1] - Rota inexistente. Detalhe: ROTA: Nenhuma URL encontrada para converter | LINHA: 40
[2026-03-27 19:50:45] [INFO] [IP: ::1] - Rota inexistente. Detalhe: ROTA: Nenhuma URL encontrada para converter | LINHA: 40
[2026-03-27 19:50:48] [INFO] [IP: ::1] - Rota inexistente. Detalhe: ROTA: Nenhuma URL encontrada para converter | LINHA: 40
[2026-03-27 19:50:56] [INFO] [IP: ::1] - Rota inexistente. Detalhe: ROTA: Nenhuma URL encontrada para converter | LINHA: 40
[2026-03-27 19:51:23] [INFO] [IP: ::1] - Rota inexistente. Detalhe: ROTA: Nenhuma URL encontrada para converter | LINHA: 40
[2026-03-27 19:51:56] [INFO] [IP: ::1] - Rota inexistente. Detalhe: ROTA: Nenhuma URL encontrada para converter | LINHA: 40
[2026-03-27 19:52:34] [INFO] [IP: ::1] - Rota inexistente. Detalhe: ROTA: Nenhuma URL encontrada para converter | LINHA: 40
[2026-03-27 20:17:20] [INFO] [IP: ::1] - Rota inexistente. Detalhe: ROTA: Nenhuma URL encontrada para converter | LINHA: 40
[2026-03-27 21:12:53] [INFO] [IP: ::1] - Rota inexistente. Detalhe: ROTA: Nenhuma URL encontrada para converter | LINHA: 42
[2026-03-27 21:17:32] [INFO] [IP: ::1] - Rota inexistente. Detalhe: ROTA: Nenhuma URL encontrada para converter | LINHA: 42
[2026-03-27 21:19:52] [INFO] [IP: ::1] - Rota inexistente. Detalhe: ROTA: Nenhuma URL encontrada para converter | LINHA: 42
[2026-03-27 21:24:52] [INFO] [IP: ::1] - Rota inexistente. Detalhe: ROTA: App\Controllers\CardController | LINHA: 39
[2026-03-27 21:26:13] [INFO] [IP: ::1] - Rota inexistente. Detalhe: ROTA: App\Controllers\CardController | LINHA: 39
[2026-03-27 21:47:19] [INFO] [IP: ::1] - Rota inexistente. Detalhe: ROTA: Nenhuma URL encontrada para converter | LINHA: 44
[2026-03-27 21:47:22] [INFO] [IP: ::1] - Rota inexistente. Detalhe: ROTA: Nenhuma URL encontrada para converter | LINHA: 44
[2026-03-27 21:48:43] [INFO] [IP: ::1] - Rota inexistente. Detalhe: ROTA: Nenhuma URL encontrada para converter | LINHA: 44
[2026-03-27 21:48:47] [INFO] [IP: ::1] - Rota inexistente. Detalhe: ROTA: Nenhuma URL encontrada para converter | LINHA: 44
[2026-03-27 21:48:50] [INFO] [IP: ::1] - Rota inexistente. Detalhe: ROTA: Nenhuma URL encontrada para converter | LINHA: 44
[2026-03-27 21:49:12] [INFO] [IP: ::1] - Rota inexistente. Detalhe: ROTA: Nenhuma URL encontrada para converter | LINHA: 44
[2026-03-27 21:49:14] [INFO] [IP: ::1] - Rota inexistente. Detalhe: ROTA: Nenhuma URL encontrada para converter | LINHA: 44
[2026-03-27 21:51:01] [INFO] [IP: ::1] - Rota inexistente. Detalhe: ROTA: Erro ao consultar o DB: SQLSTATE[23000]: Integrity constraint violation: 1062 Duplicate entry 'a' for key 'url' | LINHA: 44
[2026-03-27 21:51:04] [INFO] [IP: ::1] - Rota inexistente. Detalhe: ROTA: Erro ao consultar o DB: SQLSTATE[23000]: Integrity constraint violation: 1062 Duplicate entry 'a' for key 'url' | LINHA: 44
[2026-03-27 21:51:22] [INFO] [IP: ::1] - Rota inexistente. Detalhe: ROTA: Erro ao consultar o DB: SQLSTATE[23000]: Integrity constraint violation: 1062 Duplicate entry 'a' for key 'url' | LINHA: 44
[2026-03-27 21:51:29] [INFO] [IP: ::1] - Rota inexistente. Detalhe: ROTA: Erro ao consultar o DB: SQLSTATE[23000]: Integrity constraint violation: 1062 Duplicate entry 'a' for key 'url' | LINHA: 44
[2026-03-27 21:54:03] [INFO] [IP: ::1] - Rota inexistente. Detalhe: ROTA: Erro ao consultar o DB: SQLSTATE[23000]: Integrity constraint violation: 1062 Duplicate entry '' for key 'url' | LINHA: 44
[2026-03-27 21:54:09] [INFO] [IP: ::1] - Rota inexistente. Detalhe: ROTA: Erro ao consultar o DB: SQLSTATE[23000]: Integrity constraint violation: 1062 Duplicate entry '' for key 'url' | LINHA: 44
[2026-03-27 21:56:25] [INFO] [IP: ::1] - Rota inexistente. Detalhe: ROTA: Erro ao consultar o DB: SQLSTATE[23000]: Integrity constraint violation: 1062 Duplicate entry '' for key 'url' | LINHA: 44
[2026-03-27 21:57:57] [INFO] [IP: ::1] - Rota inexistente. Detalhe: ROTA: Erro ao consultar o DB: SQLSTATE[23000]: Integrity constraint violation: 1062 Duplicate entry '' for key 'url' | LINHA: 43
[2026-03-27 21:58:45] [INFO] [IP: ::1] - Rota inexistente. Detalhe: ROTA: Erro ao consultar o DB: SQLSTATE[23000]: Integrity constraint violation: 1062 Duplicate entry '' for key 'url' | LINHA: 39
[2026-03-27 21:58:48] [INFO] [IP: ::1] - Rota inexistente. Detalhe: ROTA: Erro ao consultar o DB: SQLSTATE[23000]: Integrity constraint violation: 1062 Duplicate entry 'a' for key 'url' | LINHA: 39
[2026-03-27 21:59:22] [INFO] [IP: ::1] - Rota inexistente. Detalhe: ROTA: Erro ao consultar o DB: SQLSTATE[23000]: Integrity constraint violation: 1062 Duplicate entry '' for key 'url' | LINHA: 38
[2026-03-27 22:07:06] [INFO] [IP: ::1] - Rota inexistente. Detalhe: ROTA: Erro ao consultar o DB: SQLSTATE[23000]: Integrity constraint violation: 1062 Duplicate entry '' for key 'url' | LINHA: 38
[2026-03-27 22:08:58] [INFO] [IP: ::1] - Rota inexistente. Detalhe: ROTA: Erro ao consultar o DB: SQLSTATE[23000]: Integrity constraint violation: 1062 Duplicate entry 'a' for key 'url' | LINHA: 38
[2026-03-27 22:09:39] [INFO] [IP: ::1] - Rota inexistente. Detalhe: ROTA: Erro ao consultar o DB: SQLSTATE[23000]: Integrity constraint violation: 1062 Duplicate entry 'a' for key 'url' | LINHA: 38
[2026-03-27 22:10:33] [INFO] [IP: ::1] - Rota inexistente. Detalhe: ROTA: Erro ao consultar o DB: SQLSTATE[23000]: Integrity constraint violation: 1062 Duplicate entry 'a' for key 'url' | LINHA: 38
[2026-03-27 22:11:46] [INFO] [IP: ::1] - Rota inexistente. Detalhe: ROTA: Erro ao consultar o DB: SQLSTATE[23000]: Integrity constraint violation: 1062 Duplicate entry 'a' for key 'url' | LINHA: 38
[2026-03-27 22:11:56] [INFO] [IP: ::1] - Rota inexistente. Detalhe: ROTA: Erro ao consultar o DB: SQLSTATE[23000]: Integrity constraint violation: 1062 Duplicate entry 'd' for key 'url' | LINHA: 38
[2026-03-27 22:13:40] [INFO] [IP: ::1] - Rota inexistente. Detalhe: ROTA: Erro ao consultar o DB: SQLSTATE[23000]: Integrity constraint violation: 1062 Duplicate entry 'a' for key 'url' | LINHA: 38
[2026-03-27 22:14:37] [INFO] [IP: ::1] - Rota inexistente. Detalhe: ROTA: Erro ao consultar o DB: SQLSTATE[23000]: Integrity constraint violation: 1062 Duplicate entry 'a' for key 'url' | LINHA: 38
[2026-03-27 22:14:39] [INFO] [IP: ::1] - Rota inexistente. Detalhe: ROTA: Erro ao consultar o DB: SQLSTATE[23000]: Integrity constraint violation: 1062 Duplicate entry 'a' for key 'url' | LINHA: 38
[2026-03-27 22:15:51] [INFO] [IP: ::1] - Rota inexistente. Detalhe: ROTA: Erro ao consultar o DB: SQLSTATE[23000]: Integrity constraint violation: 1062 Duplicate entry '' for key 'url' | LINHA: 38
[2026-03-27 22:15:53] [INFO] [IP: ::1] - Rota inexistente. Detalhe: ROTA: Erro ao consultar o DB: SQLSTATE[23000]: Integrity constraint violation: 1062 Duplicate entry 'a' for key 'url' | LINHA: 38
[2026-03-27 22:18:15] [INFO] [IP: ::1] - Rota inexistente. Detalhe: ROTA: Erro ao consultar o DB: SQLSTATE[23000]: Integrity constraint violation: 1062 Duplicate entry '' for key 'url' | LINHA: 38
[2026-03-27 22:18:18] [INFO] [IP: ::1] - Rota inexistente. Detalhe: ROTA: Erro ao consultar o DB: SQLSTATE[23000]: Integrity constraint violation: 1062 Duplicate entry 'a' for key 'url' | LINHA: 38
[2026-03-27 22:41:26] [INFO] [IP: ::1] - Rota inexistente. Detalhe: ROTA: Erro ao consultar o DB: SQLSTATE[23000]: Integrity constraint violation: 1062 Duplicate entry '' for key 'url' | LINHA: 38
[2026-03-27 22:41:29] [INFO] [IP: ::1] - Rota inexistente. Detalhe: ROTA: Erro ao consultar o DB: SQLSTATE[23000]: Integrity constraint violation: 1062 Duplicate entry '' for key 'url' | LINHA: 38
[2026-03-28 00:07:25] [INFO] [IP: ::1] - Rota inexistente. Detalhe: ROTA:  | LINHA: 15
[2026-03-28 00:07:49] [INFO] [IP: ::1] - Rota inexistente. Detalhe: ROTA:  | LINHA: 15
[2026-03-28 00:08:28] [INFO] [IP: ::1] - Rota inexistente. Detalhe: ROTA:  | LINHA: 15
[2026-03-28 00:09:10] [INFO] [IP: ::1] - Rota inexistente. Detalhe: ROTA:  | LINHA: 15
[2026-03-28 00:09:31] [INFO] [IP: ::1] - Rota inexistente. Detalhe: ROTA:  | LINHA: 15
[2026-03-28 00:09:38] [INFO] [IP: ::1] - Rota inexistente. Detalhe: ROTA:  | LINHA: 15
[2026-03-28 00:11:42] [INFO] [IP: ::1] - Rota inexistente. Detalhe: ROTA:  | LINHA: 15
[2026-03-28 00:17:03] [INFO] [IP: ::1] - Rota inexistente. Detalhe: ROTA:  | LINHA: 15
[2026-03-28 00:37:23] [INFO] [IP: ::1] - Rota inexistente. Detalhe: ROTA:  | LINHA: 15
[2026-03-28 00:37:44] [INFO] [IP: ::1] - Rota inexistente. Detalhe: ROTA:  | LINHA: 15
[2026-03-28 04:30:21] [INFO] [IP: ::1] - Problema no servidor. Detalhe: ROTA: Não foi possível redirecionar, pois a url não existe | LINHA: 43
[2026-03-28 04:31:22] [INFO] [IP: ::1] - Problema no servidor. Detalhe: ROTA: Não foi possível redirecionar, pois a url não existe | LINHA: 43
[2026-03-28 04:32:05] [INFO] [IP: ::1] - Problema no servidor. Detalhe: ROTA: Não foi possível redirecionar, pois a url não existe | LINHA: 43
[2026-03-28 04:32:15] [INFO] [IP: ::1] - Problema no servidor. Detalhe: ROTA: Erro ao consultar o DB: SQLSTATE[23000]: Integrity constraint violation: 1062 Duplicate entry '' for key 'url' | LINHA: 43
[2026-03-28 04:37:03] [INFO] [IP: ::1] - Problema no servidor. Detalhe: ROTA: Erro ao consultar o DB: SQLSTATE[23000]: Integrity constraint violation: 1062 Duplicate entry '' for key 'url' | LINHA: 43
[2026-03-28 04:37:10] [INFO] [IP: ::1] - Problema no servidor. Detalhe: ROTA: Erro ao consultar o DB: SQLSTATE[23000]: Integrity constraint violation: 1062 Duplicate entry '' for key 'url' | LINHA: 43
[2026-03-28 04:39:49] [INFO] [IP: ::1] - Problema no servidor. Detalhe: ROTA: Erro ao consultar o DB: SQLSTATE[23000]: Integrity constraint violation: 1062 Duplicate entry 'a' for key 'url' | LINHA: 43
[2026-03-28 04:41:05] [INFO] [IP: ::1] - Problema no servidor. Detalhe: ROTA: Erro ao consultar o DB: SQLSTATE[23000]: Integrity constraint violation: 1062 Duplicate entry 'ç' for key 'url' | LINHA: 43
[2026-03-28 04:42:03] [INFO] [IP: ::1] - Problema no servidor. Detalhe: ROTA: Erro ao consultar o DB: SQLSTATE[23000]: Integrity constraint violation: 1062 Duplicate entry 'p' for key 'url' | LINHA: 43
[2026-03-28 04:42:27] [INFO] [IP: ::1] - Problema no servidor. Detalhe: ROTA: Erro ao consultar o DB: SQLSTATE[23000]: Integrity constraint violation: 1062 Duplicate entry 'pl' for key 'url' | LINHA: 43
[2026-03-28 04:54:14] [INFO] [IP: ::1] - Problema no servidor. Detalhe: ROTA: Erro ao consultar o DB: SQLSTATE[23000]: Integrity constraint violation: 1062 Duplicate entry 'ffffff' for key 'url' | LINHA: 43
[2026-03-28 04:56:26] [INFO] [IP: ::1] - Problema no servidor. Detalhe: ROTA: Erro ao consultar o DB: SQLSTATE[23000]: Integrity constraint violation: 1062 Duplicate entry 'ffffff' for key 'url' | LINHA: 43
[2026-03-28 04:56:56] [INFO] [IP: ::1] - Problema no servidor. Detalhe: ROTA: Erro ao consultar o DB: SQLSTATE[23000]: Integrity constraint violation: 1062 Duplicate entry '' for key 'url' | LINHA: 43
[2026-03-28 04:59:33] [INFO] [IP: ::1] - Problema no servidor. Detalhe: ROTA: URL já cadastrada | LINHA: 43
[2026-03-28 04:59:37] [INFO] [IP: ::1] - Problema no servidor. Detalhe: ROTA: URL já cadastrada | LINHA: 43
[2026-03-28 04:59:59] [INFO] [IP: ::1] - Problema no servidor. Detalhe: ROTA: URL já cadastrada | LINHA: 43
[2026-03-28 05:00:48] [INFO] [IP: ::1] - Problema no servidor. Detalhe: ROTA: Erro ao consultar o DB: SQLSTATE[23000]: Integrity constraint violation: 1062 Duplicate entry 'asasa' for key 'url' | LINHA: 43
[2026-03-28 05:17:36] [INFO] [IP: ::1] - Problema no servidor. Detalhe: ROTA: URL já cadastrada | LINHA: 43
[2026-03-28 05:17:57] [INFO] [IP: ::1] - Problema no servidor. Detalhe: ROTA: URL já cadastrada | LINHA: 43
[2026-03-28 05:19:48] [INFO] [IP: ::1] - Problema no servidor. Detalhe: ROTA: Erro ao consultar o DB: SQLSTATE[23000]: Integrity constraint violation: 1062 Duplicate entry 'https://mail.google.com/mail/u/4/#inbox' for key 'url' | LINHA: 43
[2026-03-28 05:31:15] [INFO] [IP: ::1] - Problema no servidor. Detalhe: ROTA: Erro ao consultar o DB: SQLSTATE[23000]: Integrity constraint violation: 1062 Duplicate entry '' for key 'url' | LINHA: 43
[2026-03-28 05:31:21] [INFO] [IP: ::1] - Problema no servidor. Detalhe: ROTA: Erro ao consultar o DB: SQLSTATE[23000]: Integrity constraint violation: 1062 Duplicate entry '' for key 'url' | LINHA: 43
[2026-03-28 05:32:59] [INFO] [IP: ::1] - Problema no servidor. Detalhe: ROTA: Insira um link válido! | LINHA: 43
[2026-03-28 05:33:43] [INFO] [IP: ::1] - Problema no servidor. Detalhe: ROTA: Insira um link válido! | LINHA: 43
[2026-03-28 05:33:49] [INFO] [IP: ::1] - Problema no servidor. Detalhe: ROTA: Insira um link válido! | LINHA: 43
[2026-03-28 05:34:35] [INFO] [IP: ::1] - Problema no servidor. Detalhe: ROTA: Problema no método convert() | LINHA: 43
[2026-03-28 05:34:58] [INFO] [IP: ::1] - Problema no servidor. Detalhe: ROTA: Problema no método convert() | LINHA: 43
[2026-03-28 05:35:38] [INFO] [IP: ::1] - Problema no servidor. Detalhe: ROTA: Problema no método convert() | LINHA: 43
[2026-03-28 05:41:56] [INFO] [IP: ::1] - Problema no servidor. Detalhe: ROTA: Não foi possível redirecionar, pois a url não existe | LINHA: 43
[2026-03-28 05:42:10] [INFO] [IP: ::1] - Problema no servidor. Detalhe: ROTA: Não foi possível redirecionar, pois a url não existe | LINHA: 43
[2026-03-28 05:43:08] [INFO] [IP: ::1] - Problema no servidor. Detalhe: ROTA: Não foi possível redirecionar, pois a url não existe | LINHA: 43
[2026-03-28 05:43:12] [INFO] [IP: ::1] - Problema no servidor. Detalhe: ROTA: Não foi possível redirecionar, pois a url não existe | LINHA: 43
[2026-03-28 05:43:23] [INFO] [IP: ::1] - Problema no servidor. Detalhe: ROTA: Problema no método convert() | LINHA: 43
[2026-03-28 05:43:23] [INFO] [IP: ::1] - Problema no servidor. Detalhe: ROTA: Não foi possível redirecionar, pois a url não existe | LINHA: 43
[2026-03-28 05:43:26] [INFO] [IP: ::1] - Problema no servidor. Detalhe: ROTA: Não foi possível redirecionar, pois a url não existe | LINHA: 43
[2026-03-28 05:48:25] [INFO] [IP: ::1] - Problema no servidor. Detalhe: ROTA: Problema no método convert() | LINHA: 43
[2026-03-28 05:48:43] [INFO] [IP: ::1] - Problema no servidor. Detalhe: ROTA: Problema no método convert() | LINHA: 43
[2026-03-28 22:16:49] [INFO] [IP: ::1] - Problema no servidor. Detalhe: ROTA: Problema no método convert() | LINHA: 43
[2026-03-29 05:49:19] [INFO] [IP: ::1] - Problema no servidor. Detalhe: ROTA: Problema no método convert() | LINHA: 43
[2026-03-30 04:24:45] [INFO] [IP: ::1] - Problema no servidor. Detalhe: ROTA: Problema no método convert() | LINHA: 43
[2026-03-30 04:35:05] [INFO] [IP: ::1] - Problema no servidor. Detalhe: ROTA: Problema no método convert() | LINHA: 43
[2026-03-30 04:35:12] [INFO] [IP: ::1] - Problema no servidor. Detalhe: ROTA: Erro ao consultar o DB: SQLSTATE[23000]: Integrity constraint violation: 1062 Duplicate entry 'https://github.com/otaviofigueredoalves/encurtador_url' for key 'url' | LINHA: 43
[2026-03-30 04:35:22] [INFO] [IP: ::1] - Problema no servidor. Detalhe: ROTA: Problema no método convert() | LINHA: 43
[2026-03-30 04:41:22] [INFO] [IP: ::1] - Problema no servidor. Detalhe: ROTA: Problema no método convert() | LINHA: 43
[2026-03-30 04:47:19] [INFO] [IP: ::1] - Problema no servidor. Detalhe: ROTA: Problema no método convert() | LINHA: 43
[2026-03-30 04:48:53] [INFO] [IP: ::1] - Problema no servidor. Detalhe: ROTA: Problema no método convert() | LINHA: 43
[2026-03-30 04:49:11] [INFO] [IP: ::1] - Problema no servidor. Detalhe: ROTA: Problema no método convert() | LINHA: 43
[2026-03-30 23:28:31] [INFO] [IP: ::1] - Problema no servidor. Detalhe: ROTA: Erro de conexão ao DB: SQLSTATE[HY000] [2002] php_network_getaddresses: getaddrinfo for sql312.infinityfree.com failed: No address associated with hostname | LINHA: 43
[2026-03-31 01:58:28] [INFO] [IP: ::1] - Problema no servidor. Detalhe: ROTA: Problema no método convert() | LINHA: 43
[2026-03-31 01:58:28] [INFO] [IP: ::1] - Problema no servidor. Detalhe: ROTA: Problema no método convert() | LINHA: 43
[2026-03-31 01:58:28] [INFO] [IP: ::1] - Problema no servidor. Detalhe: ROTA: Problema no método convert() | LINHA: 43
[2026-03-31 01:58:28] [INFO] [IP: ::1] - Problema no servidor. Detalhe: ROTA: Problema no método convert() | LINHA: 43
[2026-03-31 01:58:28] [INFO] [IP: ::1] - Problema no servidor. Detalhe: ROTA: Problema no método convert() | LINHA: 43
[2026-03-31 01:58:28] [INFO] [IP: ::1] - Problema no servidor. Detalhe: ROTA: Problema no método convert() | LINHA: 43
[2026-03-31 01:58:28] [INFO] [IP: ::1] - Problema no servidor. Detalhe: ROTA: Problema no método convert() | LINHA: 43
[2026-03-31 01:58:28] [INFO] [IP: ::1] - Problema no servidor. Detalhe: ROTA: Problema no método convert() | LINHA: 43
[2026-03-31 01:58:28] [INFO] [IP: ::1] - Problema no servidor. Detalhe: ROTA: Problema no método convert() | LINHA: 43
[2026-03-31 01:58:28] [INFO] [IP: ::1] - Problema no servidor. Detalhe: ROTA: Problema no método convert() | LINHA: 43
[2026-03-31 01:58:28] [INFO] [IP: ::1] - Problema no servidor. Detalhe: ROTA: Problema no método convert() | LINHA: 43
[2026-03-31 01:58:28] [INFO] [IP: ::1] - Problema no servidor. Detalhe: ROTA: Problema no método convert() | LINHA: 43
[2026-03-31 01:58:28] [INFO] [IP: ::1] - Problema no servidor. Detalhe: ROTA: Problema no método convert() | LINHA: 43
[2026-03-31 01:58:28] [INFO] [IP: ::1] - Problema no servidor. Detalhe: ROTA: Problema no método convert() | LINHA: 43
[2026-03-31 01:58:28] [INFO] [IP: ::1] - Problema no servidor. Detalhe: ROTA: Problema no método convert() | LINHA: 43
[2026-03-31 01:58:28] [INFO] [IP: ::1] - Problema no servidor. Detalhe: ROTA: Problema no método convert() | LINHA: 43
[2026-03-31 01:58:28] [INFO] [IP: ::1] - Problema no servidor. Detalhe: ROTA: Problema no método convert() | LINHA: 43
[2026-03-31 01:58:28] [INFO] [IP: ::1] - Problema no servidor. Detalhe: ROTA: Problema no método convert() | LINHA: 43
[2026-03-31 01:58:28] [INFO] [IP: ::1] - Problema no servidor. Detalhe: ROTA: Problema no método convert() | LINHA: 43
[2026-03-31 01:58:28] [INFO] [IP: ::1] - Problema no servidor. Detalhe: ROTA: Problema no método convert() | LINHA: 43
[2026-03-31 01:58:28] [INFO] [IP: ::1] - Problema no servidor. Detalhe: ROTA: Problema no método convert() | LINHA: 43
[2026-03-31 01:58:29] [INFO] [IP: ::1] - Problema no servidor. Detalhe: ROTA: Problema no método convert() | LINHA: 43
[2026-03-31 01:58:29] [INFO] [IP: ::1] - Problema no servidor. Detalhe: ROTA: Problema no método convert() | LINHA: 43
[2026-03-31 01:58:29] [INFO] [IP: ::1] - Problema no servidor. Detalhe: ROTA: Problema no método convert() | LINHA: 43
[2026-03-31 01:58:29] [INFO] [IP: ::1] - Problema no servidor. Detalhe: ROTA: Problema no método convert() | LINHA: 43
[2026-03-31 01:58:29] [INFO] [IP: ::1] - Problema no servidor. Detalhe: ROTA: Problema no método convert() | LINHA: 43
[2026-03-31 01:58:29] [INFO] [IP: ::1] - Problema no servidor. Detalhe: ROTA: Problema no método convert() | LINHA: 43
[2026-03-31 01:58:29] [INFO] [IP: ::1] - Problema no servidor. Detalhe: ROTA: Problema no método convert() | LINHA: 43
[2026-03-31 01:58:29] [INFO] [IP: ::1] - Problema no servidor. Detalhe: ROTA: Problema no método convert() | LINHA: 43
[2026-03-31 01:58:29] [INFO] [IP: ::1] - Problema no servidor. Detalhe: ROTA: Problema no método convert() | LINHA: 43
[2026-03-31 01:58:29] [INFO] [IP: ::1] - Problema no servidor. Detalhe: ROTA: Problema no método convert() | LINHA: 43
[2026-03-31 01:58:29] [INFO] [IP: ::1] - Problema no servidor. Detalhe: ROTA: Problema no método convert() | LINHA: 43
[2026-03-31 01:58:29] [INFO] [IP: ::1] - Problema no servidor. Detalhe: ROTA: Problema no método convert() | LINHA: 43
[2026-03-31 01:58:29] [INFO] [IP: ::1] - Problema no servidor. Detalhe: ROTA: Problema no método convert() | LINHA: 43
[2026-03-31 01:58:29] [INFO] [IP: ::1] - Problema no servidor. Detalhe: ROTA: Problema no método convert() | LINHA: 43
[2026-03-31 01:58:29] [INFO] [IP: ::1] - Problema no servidor. Detalhe: ROTA: Problema no método convert() | LINHA: 43
[2026-03-31 01:58:29] [INFO] [IP: ::1] - Problema no servidor. Detalhe: ROTA: Problema no método convert() | LINHA: 43
[2026-03-31 01:58:29] [INFO] [IP: ::1] - Problema no servidor. Detalhe: ROTA: Problema no método convert() | LINHA: 43
[2026-03-31 01:58:29] [INFO] [IP: ::1] - Problema no servidor. Detalhe: ROTA: Problema no método convert() | LINHA: 43
[2026-03-31 01:58:29] [INFO] [IP: ::1] - Problema no servidor. Detalhe: ROTA: Problema no método convert() | LINHA: 43
[2026-03-31 01:58:29] [INFO] [IP: ::1] - Problema no servidor. Detalhe: ROTA: Problema no método convert() | LINHA: 43
[2026-03-31 01:58:29] [INFO] [IP: ::1] - Problema no servidor. Detalhe: ROTA: Problema no método convert() | LINHA: 43
[2026-03-31 01:58:51] [INFO] [IP: ::1] - Problema no servidor. Detalhe: ROTA: Problema no método convert() | LINHA: 43
[2026-03-31 01:58:51] [INFO] [IP: ::1] - Problema no servidor. Detalhe: ROTA: Problema no método convert() | LINHA: 43
[2026-03-31 01:58:51] [INFO] [IP: ::1] - Problema no servidor. Detalhe: ROTA: Problema no método convert() | LINHA: 43
[2026-03-31 01:58:51] [INFO] [IP: ::1] - Problema no servidor. Detalhe: ROTA: Problema no método convert() | LINHA: 43
[2026-03-31 01:58:51] [INFO] [IP: ::1] - Problema no servidor. Detalhe: ROTA: Problema no método convert() | LINHA: 43
[2026-03-31 01:58:51] [INFO] [IP: ::1] - Problema no servidor. Detalhe: ROTA: Problema no método convert() | LINHA: 43
[2026-03-31 01:58:51] [INFO] [IP: ::1] - Problema no servidor. Detalhe: ROTA: Problema no método convert() | LINHA: 43
[2026-03-31 01:58:51] [INFO] [IP: ::1] - Problema no servidor. Detalhe: ROTA: Problema no método convert() | LINHA: 43
[2026-03-31 01:58:51] [INFO] [IP: ::1] - Problema no servidor. Detalhe: ROTA: Problema no método convert() | LINHA: 43
[2026-03-31 01:58:51] [INFO] [IP: ::1] - Problema no servidor. Detalhe: ROTA: Problema no método convert() | LINHA: 43
[2026-03-31 01:58:51] [INFO] [IP: ::1] - Problema no servidor. Detalhe: ROTA: Problema no método convert() | LINHA: 43
[2026-03-31 01:58:51] [INFO] [IP: ::1] - Problema no servidor. Detalhe: ROTA: Problema no método convert() | LINHA: 43
[2026-03-31 01:58:51] [INFO] [IP: ::1] - Problema no servidor. Detalhe: ROTA: Problema no método convert() | LINHA: 43
[2026-03-31 01:58:51] [INFO] [IP: ::1] - Problema no servidor. Detalhe: ROTA: Problema no método convert() | LINHA: 43
[2026-03-31 01:58:51] [INFO] [IP: ::1] - Problema no servidor. Detalhe: ROTA: Problema no método convert() | LINHA: 43
[2026-03-31 01:58:51] [INFO] [IP: ::1] - Problema no servidor. Detalhe: ROTA: Problema no método convert() | LINHA: 43
[2026-03-31 01:58:51] [INFO] [IP: ::1] - Problema no servidor. Detalhe: ROTA: Problema no método convert() | LINHA: 43
[2026-03-31 01:58:51] [INFO] [IP: ::1] - Problema no servidor. Detalhe: ROTA: Problema no método convert() | LINHA: 43
[2026-03-31 01:58:51] [INFO] [IP: ::1] - Problema no servidor. Detalhe: ROTA: Problema no método convert() | LINHA: 43
[2026-03-31 01:58:51] [INFO] [IP: ::1] - Problema no servidor. Detalhe: ROTA: Problema no método convert() | LINHA: 43
[2026-03-31 01:58:51] [INFO] [IP: ::1] - Problema no servidor. Detalhe: ROTA: Problema no método convert() | LINHA: 43
[2026-03-31 01:58:51] [INFO] [IP: ::1] - Problema no servidor. Detalhe: ROTA: Problema no método convert() | LINHA: 43
[2026-03-31 01:58:51] [INFO] [IP: ::1] - Problema no servidor. Detalhe: ROTA: Problema no método convert() | LINHA: 43
[2026-03-31 01:58:51] [INFO] [IP: ::1] - Problema no servidor. Detalhe: ROTA: Problema no método convert() | LINHA: 43
[2026-03-31 01:58:51] [INFO] [IP: ::1] - Problema no servidor. Detalhe: ROTA: Problema no método convert() | LINHA: 43
[2026-03-31 01:58:51] [INFO] [IP: ::1] - Problema no servidor. Detalhe: ROTA: Problema no método convert() | LINHA: 43
[2026-03-31 01:58:51] [INFO] [IP: ::1] - Problema no servidor. Detalhe: ROTA: Problema no método convert() | LINHA: 43
[2026-03-31 01:58:51] [INFO] [IP: ::1] - Problema no servidor. Detalhe: ROTA: Problema no método convert() | LINHA: 43
[2026-03-31 01:58:51] [INFO] [IP: ::1] - Problema no servidor. Detalhe: ROTA: Problema no método convert() | LINHA: 43
[2026-03-31 01:58:51] [INFO] [IP: ::1] - Problema no servidor. Detalhe: ROTA: Problema no método convert() | LINHA: 43
[2026-03-31 01:58:51] [INFO] [IP: ::1] - Problema no servidor. Detalhe: ROTA: Problema no método convert() | LINHA: 43
[2026-03-31 01:58:51] [INFO] [IP: ::1] - Problema no servidor. Detalhe: ROTA: Problema no método convert() | LINHA: 43
[2026-03-31 01:58:51] [INFO] [IP: ::1] - Problema no servidor. Detalhe: ROTA: Problema no método convert() | LINHA: 43
[2026-03-31 01:58:51] [INFO] [IP: ::1] - Problema no servidor. Detalhe: ROTA: Problema no método convert() | LINHA: 43
[2026-03-31 01:58:51] [INFO] [IP: ::1] - Problema no servidor. Detalhe: ROTA: Problema no método convert() | LINHA: 43
[2026-03-31 01:58:51] [INFO] [IP: ::1] - Problema no servidor. Detalhe: ROTA: Problema no método convert() | LINHA: 43
[2026-03-31 01:58:51] [INFO] [IP: ::1] - Problema no servidor. Detalhe: ROTA: Problema no método convert() | LINHA: 43
[2026-03-31 01:58:51] [INFO] [IP: ::1] - Problema no servidor. Detalhe: ROTA: Problema no método convert() | LINHA: 43
[2026-03-31 01:58:51] [INFO] [IP: ::1] - Problema no servidor. Detalhe: ROTA: Problema no método convert() | LINHA: 43
[2026-03-31 01:58:51] [INFO] [IP: ::1] - Problema no servidor. Detalhe: ROTA: Problema no método convert() | LINHA: 43
[2026-03-31 01:58:51] [INFO] [IP: ::1] - Problema no servidor. Detalhe: ROTA: Problema no método convert() | LINHA: 43
[2026-03-31 02:00:03] [INFO] [IP: ::1] - Problema no servidor. Detalhe: ROTA: Problema no método convert() | LINHA: 43
[2026-03-31 02:00:03] [INFO] [IP: ::1] - Problema no servidor. Detalhe: ROTA: Problema no método convert() | LINHA: 43
[2026-03-31 02:00:03] [INFO] [IP: ::1] - Problema no servidor. Detalhe: ROTA: Problema no método convert() | LINHA: 43
[2026-03-31 02:00:03] [INFO] [IP: ::1] - Problema no servidor. Detalhe: ROTA: Problema no método convert() | LINHA: 43
[2026-03-31 02:00:03] [INFO] [IP: ::1] - Problema no servidor. Detalhe: ROTA: Problema no método convert() | LINHA: 43
[2026-03-31 02:00:03] [INFO] [IP: ::1] - Problema no servidor. Detalhe: ROTA: Problema no método convert() | LINHA: 43
[2026-03-31 02:00:03] [INFO] [IP: ::1] - Problema no servidor. Detalhe: ROTA: Problema no método convert() | LINHA: 43
[2026-03-31 02:00:03] [INFO] [IP: ::1] - Problema no servidor. Detalhe: ROTA: Problema no método convert() | LINHA: 43
[2026-03-31 02:00:03] [INFO] [IP: ::1] - Problema no servidor. Detalhe: ROTA: Problema no método convert() | LINHA: 43
[2026-03-31 02:00:03] [INFO] [IP: ::1] - Problema no servidor. Detalhe: ROTA: Problema no método convert() | LINHA: 43
[2026-03-31 02:00:03] [INFO] [IP: ::1] - Problema no servidor. Detalhe: ROTA: Problema no método convert() | LINHA: 43
[2026-03-31 02:00:03] [INFO] [IP: ::1] - Problema no servidor. Detalhe: ROTA: Problema no método convert() | LINHA: 43
[2026-03-31 02:00:03] [INFO] [IP: ::1] - Problema no servidor. Detalhe: ROTA: Problema no método convert() | LINHA: 43
[2026-03-31 02:00:03] [INFO] [IP: ::1] - Problema no servidor. Detalhe: ROTA: Problema no método convert() | LINHA: 43
[2026-03-31 02:00:03] [INFO] [IP: ::1] - Problema no servidor. Detalhe: ROTA: Problema no método convert() | LINHA: 43
[2026-03-31 02:00:03] [INFO] [IP: ::1] - Problema no servidor. Detalhe: ROTA: Problema no método convert() | LINHA: 43
[2026-03-31 02:00:03] [INFO] [IP: ::1] - Problema no servidor. Detalhe: ROTA: Problema no método convert() | LINHA: 43
[2026-03-31 02:00:03] [INFO] [IP: ::1] - Problema no servidor. Detalhe: ROTA: Problema no método convert() | LINHA: 43
[2026-03-31 02:00:03] [INFO] [IP: ::1] - Problema no servidor. Detalhe: ROTA: Problema no método convert() | LINHA: 43
[2026-03-31 02:00:03] [INFO] [IP: ::1] - Problema no servidor. Detalhe: ROTA: Problema no método convert() | LINHA: 43
[2026-03-31 02:00:03] [INFO] [IP: ::1] - Problema no servidor. Detalhe: ROTA: Problema no método convert() | LINHA: 43
[2026-03-31 02:00:04] [INFO] [IP: ::1] - Problema no servidor. Detalhe: ROTA: Problema no método convert() | LINHA: 43
[2026-03-31 02:00:04] [INFO] [IP: ::1] - Problema no servidor. Detalhe: ROTA: Problema no método convert() | LINHA: 43
[2026-03-31 02:00:04] [INFO] [IP: ::1] - Problema no servidor. Detalhe: ROTA: Problema no método convert() | LINHA: 43
[2026-03-31 02:00:04] [INFO] [IP: ::1] - Problema no servidor. Detalhe: ROTA: Problema no método convert() | LINHA: 43
[2026-03-31 02:00:04] [INFO] [IP: ::1] - Problema no servidor. Detalhe: ROTA: Problema no método convert() | LINHA: 43
[2026-03-31 02:00:04] [INFO] [IP: ::1] - Problema no servidor. Detalhe: ROTA: Problema no método convert() | LINHA: 43
[2026-03-31 02:00:04] [INFO] [IP: ::1] - Problema no servidor. Detalhe: ROTA: Problema no método convert() | LINHA: 43
[2026-03-31 02:00:04] [INFO] [IP: ::1] - Problema no servidor. Detalhe: ROTA: Problema no método convert() | LINHA: 43
[2026-03-31 02:00:04] [INFO] [IP: ::1] - Problema no servidor. Detalhe: ROTA: Problema no método convert() | LINHA: 43
[2026-03-31 02:00:04] [INFO] [IP: ::1] - Problema no servidor. Detalhe: ROTA: Problema no método convert() | LINHA: 43
[2026-03-31 02:00:04] [INFO] [IP: ::1] - Problema no servidor. Detalhe: ROTA: Problema no método convert() | LINHA: 43
[2026-03-31 02:00:04] [INFO] [IP: ::1] - Problema no servidor. Detalhe: ROTA: Problema no método convert() | LINHA: 43
[2026-03-31 02:00:04] [INFO] [IP: ::1] - Problema no servidor. Detalhe: ROTA: Problema no método convert() | LINHA: 43
[2026-03-31 02:00:04] [INFO] [IP: ::1] - Problema no servidor. Detalhe: ROTA: Problema no método convert() | LINHA: 43
[2026-03-31 02:00:04] [INFO] [IP: ::1] - Problema no servidor. Detalhe: ROTA: Problema no método convert() | LINHA: 43
[2026-03-31 02:00:04] [INFO] [IP: ::1] - Problema no servidor. Detalhe: ROTA: Problema no método convert() | LINHA: 43
[2026-03-31 02:00:04] [INFO] [IP: ::1] - Problema no servidor. Detalhe: ROTA: Problema no método convert() | LINHA: 43
[2026-03-31 02:00:04] [INFO] [IP: ::1] - Problema no servidor. Detalhe: ROTA: Problema no método convert() | LINHA: 43
[2026-03-31 02:00:04] [INFO] [IP: ::1] - Problema no servidor. Detalhe: ROTA: Problema no método convert() | LINHA: 43
[2026-03-31 02:00:04] [INFO] [IP: ::1] - Problema no servidor. Detalhe: ROTA: Problema no método convert() | LINHA: 43
[2026-03-31 02:00:48] [INFO] [IP: ::1] - Problema no servidor. Detalhe: ROTA: Problema no método convert() | LINHA: 43
[2026-03-31 02:00:48] [INFO] [IP: ::1] - Problema no servidor. Detalhe: ROTA: Problema no método convert() | LINHA: 43
[2026-03-31 02:00:48] [INFO] [IP: ::1] - Problema no servidor. Detalhe: ROTA: Problema no método convert() | LINHA: 43
[2026-03-31 02:00:48] [INFO] [IP: ::1] - Problema no servidor. Detalhe: ROTA: Problema no método convert() | LINHA: 43
[2026-03-31 02:00:48] [INFO] [IP: ::1] - Problema no servidor. Detalhe: ROTA: Problema no método convert() | LINHA: 43
[2026-03-31 02:00:48] [INFO] [IP: ::1] - Problema no servidor. Detalhe: ROTA: Problema no método convert() | LINHA: 43
[2026-03-31 02:00:48] [INFO] [IP: ::1] - Problema no servidor. Detalhe: ROTA: Problema no método convert() | LINHA: 43
[2026-03-31 02:00:48] [INFO] [IP: ::1] - Problema no servidor. Detalhe: ROTA: Problema no método convert() | LINHA: 43
[2026-03-31 02:00:48] [INFO] [IP: ::1] - Problema no servidor. Detalhe: ROTA: Problema no método convert() | LINHA: 43
[2026-03-31 02:00:48] [INFO] [IP: ::1] - Problema no servidor. Detalhe: ROTA: Problema no método convert() | LINHA: 43
[2026-03-31 02:00:48] [INFO] [IP: ::1] - Problema no servidor. Detalhe: ROTA: Problema no método convert() | LINHA: 43
[2026-03-31 02:00:48] [INFO] [IP: ::1] - Problema no servidor. Detalhe: ROTA: Problema no método convert() | LINHA: 43
[2026-03-31 02:00:48] [INFO] [IP: ::1] - Problema no servidor. Detalhe: ROTA: Problema no método convert() | LINHA: 43
[2026-03-31 02:00:48] [INFO] [IP: ::1] - Problema no servidor. Detalhe: ROTA: Problema no método convert() | LINHA: 43
[2026-03-31 02:00:48] [INFO] [IP: ::1] - Problema no servidor. Detalhe: ROTA: Problema no método convert() | LINHA: 43
[2026-03-31 02:00:48] [INFO] [IP: ::1] - Problema no servidor. Detalhe: ROTA: Problema no método convert() | LINHA: 43
[2026-03-31 02:00:48] [INFO] [IP: ::1] - Problema no servidor. Detalhe: ROTA: Problema no método convert() | LINHA: 43
[2026-03-31 02:00:48] [INFO] [IP: ::1] - Problema no servidor. Detalhe: ROTA: Problema no método convert() | LINHA: 43
[2026-03-31 02:00:48] [INFO] [IP: ::1] - Problema no servidor. Detalhe: ROTA: Problema no método convert() | LINHA: 43
[2026-03-31 02:00:48] [INFO] [IP: ::1] - Problema no servidor. Detalhe: ROTA: Problema no método convert() | LINHA: 43
[2026-03-31 02:00:48] [INFO] [IP: ::1] - Problema no servidor. Detalhe: ROTA: Problema no método convert() | LINHA: 43
[2026-03-31 02:00:48] [INFO] [IP: ::1] - Problema no servidor. Detalhe: ROTA: Problema no método convert() | LINHA: 43
[2026-03-31 02:00:48] [INFO] [IP: ::1] - Problema no servidor. Detalhe: ROTA: Problema no método convert() | LINHA: 43
[2026-03-31 02:00:48] [INFO] [IP: ::1] - Problema no servidor. Detalhe: ROTA: Problema no método convert() | LINHA: 43
[2026-03-31 02:00:48] [INFO] [IP: ::1] - Problema no servidor. Detalhe: ROTA: Problema no método convert() | LINHA: 43
[2026-03-31 02:00:48] [INFO] [IP: ::1] - Problema no servidor. Detalhe: ROTA: Problema no método convert() | LINHA: 43
[2026-03-31 02:00:48] [INFO] [IP: ::1] - Problema no servidor. Detalhe: ROTA: Problema no método convert() | LINHA: 43
[2026-03-31 02:00:48] [INFO] [IP: ::1] - Problema no servidor. Detalhe: ROTA: Problema no método convert() | LINHA: 43
[2026-03-31 02:00:48] [INFO] [IP: ::1] - Problema no servidor. Detalhe: ROTA: Problema no método convert() | LINHA: 43
[2026-03-31 02:00:48] [INFO] [IP: ::1] - Problema no servidor. Detalhe: ROTA: Problema no método convert() | LINHA: 43
[2026-03-31 02:00:48] [INFO] [IP: ::1] - Problema no servidor. Detalhe: ROTA: Problema no método convert() | LINHA: 43
[2026-03-31 02:00:48] [INFO] [IP: ::1] - Problema no servidor. Detalhe: ROTA: Problema no método convert() | LINHA: 43
[2026-03-31 02:00:48] [INFO] [IP: ::1] - Problema no servidor. Detalhe: ROTA: Problema no método convert() | LINHA: 43
[2026-03-31 02:00:48] [INFO] [IP: ::1] - Problema no servidor. Detalhe: ROTA: Problema no método convert() | LINHA: 43
[2026-03-31 02:00:48] [INFO] [IP: ::1] - Problema no servidor. Detalhe: ROTA: Problema no método convert() | LINHA: 43
[2026-03-31 02:00:48] [INFO] [IP: ::1] - Problema no servidor. Detalhe: ROTA: Problema no método convert() | LINHA: 43
[2026-03-31 02:00:48] [INFO] [IP: ::1] - Problema no servidor. Detalhe: ROTA: Problema no método convert() | LINHA: 43
[2026-03-31 02:00:48] [INFO] [IP: ::1] - Problema no servidor. Detalhe: ROTA: Problema no método convert() | LINHA: 43
[2026-03-31 02:00:48] [INFO] [IP: ::1] - Problema no servidor. Detalhe: ROTA: Problema no método convert() | LINHA: 43
[2026-03-31 02:00:48] [INFO] [IP: ::1] - Problema no servidor. Detalhe: ROTA: Problema no método convert() | LINHA: 43
[2026-03-31 02:00:48] [INFO] [IP: ::1] - Problema no servidor. Detalhe: ROTA: Problema no método convert() | LINHA: 43
[2026-03-31 02:01:54] [INFO] [IP: ::1] - Problema no servidor. Detalhe: ROTA: Problema no método convert() | LINHA: 43
[2026-03-31 02:01:54] [INFO] [IP: ::1] - Problema no servidor. Detalhe: ROTA: Problema no método convert() | LINHA: 43
[2026-03-31 02:01:54] [INFO] [IP: ::1] - Problema no servidor. Detalhe: ROTA: Problema no método convert() | LINHA: 43
[2026-03-31 02:01:54] [INFO] [IP: ::1] - Problema no servidor. Detalhe: ROTA: Problema no método convert() | LINHA: 43
[2026-03-31 02:01:54] [INFO] [IP: ::1] - Problema no servidor. Detalhe: ROTA: Problema no método convert() | LINHA: 43
[2026-03-31 02:01:54] [INFO] [IP: ::1] - Problema no servidor. Detalhe: ROTA: Problema no método convert() | LINHA: 43
[2026-03-31 02:01:54] [INFO] [IP: ::1] - Problema no servidor. Detalhe: ROTA: Problema no método convert() | LINHA: 43
[2026-03-31 02:01:54] [INFO] [IP: ::1] - Problema no servidor. Detalhe: ROTA: Problema no método convert() | LINHA: 43
[2026-03-31 02:01:54] [INFO] [IP: ::1] - Problema no servidor. Detalhe: ROTA: Problema no método convert() | LINHA: 43
[2026-03-31 02:01:54] [INFO] [IP: ::1] - Problema no servidor. Detalhe: ROTA: Problema no método convert() | LINHA: 43
[2026-03-31 02:01:54] [INFO] [IP: ::1] - Problema no servidor. Detalhe: ROTA: Problema no método convert() | LINHA: 43
[2026-03-31 02:01:54] [INFO] [IP: ::1] - Problema no servidor. Detalhe: ROTA: Problema no método convert() | LINHA: 43
[2026-03-31 02:01:54] [INFO] [IP: ::1] - Problema no servidor. Detalhe: ROTA: Problema no método convert() | LINHA: 43
[2026-03-31 02:01:54] [INFO] [IP: ::1] - Problema no servidor. Detalhe: ROTA: Problema no método convert() | LINHA: 43
[2026-03-31 02:01:54] [INFO] [IP: ::1] - Problema no servidor. Detalhe: ROTA: Problema no método convert() | LINHA: 43
[2026-03-31 02:01:54] [INFO] [IP: ::1] - Problema no servidor. Detalhe: ROTA: Problema no método convert() | LINHA: 43
[2026-03-31 02:01:54] [INFO] [IP: ::1] - Problema no servidor. Detalhe: ROTA: Problema no método convert() | LINHA: 43
[2026-03-31 02:01:54] [INFO] [IP: ::1] - Problema no servidor. Detalhe: ROTA: Problema no método convert() | LINHA: 43
[2026-03-31 02:01:54] [INFO] [IP: ::1] - Problema no servidor. Detalhe: ROTA: Problema no método convert() | LINHA: 43
[2026-03-31 02:01:54] [INFO] [IP: ::1] - Problema no servidor. Detalhe: ROTA: Problema no método convert() | LINHA: 43
[2026-03-31 02:01:54] [INFO] [IP: ::1] - Problema no servidor. Detalhe: ROTA: Problema no método convert() | LINHA: 43
[2026-03-31 02:01:54] [INFO] [IP: ::1] - Problema no servidor. Detalhe: ROTA: Problema no método convert() | LINHA: 43
[2026-03-31 02:01:54] [INFO] [IP: ::1] - Problema no servidor. Detalhe: ROTA: Problema no método convert() | LINHA: 43
[2026-03-31 02:01:54] [INFO] [IP: ::1] - Problema no servidor. Detalhe: ROTA: Problema no método convert() | LINHA: 43
[2026-03-31 02:01:54] [INFO] [IP: ::1] - Problema no servidor. Detalhe: ROTA: Problema no método convert() | LINHA: 43
[2026-03-31 02:01:54] [INFO] [IP: ::1] - Problema no servidor. Detalhe: ROTA: Problema no método convert() | LINHA: 43
[2026-03-31 02:01:54] [INFO] [IP: ::1] - Problema no servidor. Detalhe: ROTA: Problema no método convert() | LINHA: 43
[2026-03-31 02:01:54] [INFO] [IP: ::1] - Problema no servidor. Detalhe: ROTA: Problema no método convert() | LINHA: 43
[2026-03-31 02:01:54] [INFO] [IP: ::1] - Problema no servidor. Detalhe: ROTA: Problema no método convert() | LINHA: 43
[2026-03-31 02:01:54] [INFO] [IP: ::1] - Problema no servidor. Detalhe: ROTA: Problema no método convert() | LINHA: 43
[2026-03-31 02:01:54] [INFO] [IP: ::1] - Problema no servidor. Detalhe: ROTA: Problema no método convert() | LINHA: 43
[2026-03-31 02:01:54] [INFO] [IP: ::1] - Problema no servidor. Detalhe: ROTA: Problema no método convert() | LINHA: 43
[2026-03-31 02:01:54] [INFO] [IP: ::1] - Problema no servidor. Detalhe: ROTA: Problema no método convert() | LINHA: 43
[2026-03-31 02:01:54] [INFO] [IP: ::1] - Problema no servidor. Detalhe: ROTA: Problema no método convert() | LINHA: 43
[2026-03-31 02:01:54] [INFO] [IP: ::1] - Problema no servidor. Detalhe: ROTA: Problema no método convert() | LINHA: 43
[2026-03-31 02:01:54] [INFO] [IP: ::1] - Problema no servidor. Detalhe: ROTA: Problema no método convert() | LINHA: 43
[2026-03-31 02:01:54] [INFO] [IP: ::1] - Problema no servidor. Detalhe: ROTA: Problema no método convert() | LINHA: 43
[2026-03-31 02:01:54] [INFO] [IP: ::1] - Problema no servidor. Detalhe: ROTA: Problema no método convert() | LINHA: 43
[2026-03-31 02:01:54] [INFO] [IP: ::1] - Problema no servidor. Detalhe: ROTA: Problema no método convert() | LINHA: 43
[2026-03-31 02:01:54] [INFO] [IP: ::1] - Problema no servidor. Detalhe: ROTA: Problema no método convert() | LINHA: 43
[2026-03-31 02:01:54] [INFO] [IP: ::1] - Problema no servidor. Detalhe: ROTA: Problema no método convert() | LINHA: 43
[2026-03-31 02:02:40] [INFO] [IP: ::1] - Problema no servidor. Detalhe: ROTA: Problema no método convert() | LINHA: 43
[2026-03-31 02:03:27] [INFO] [IP: ::1] - Problema no servidor. Detalhe: ROTA: Problema no método convert() | LINHA: 43
[2026-03-31 02:03:30] [INFO] [IP: ::1] - Problema no servidor. Detalhe: ROTA: Problema no método convert() | LINHA: 43
[2026-03-31 02:03:30] [INFO] [IP: ::1] - Problema no servidor. Detalhe: ROTA: Problema no método convert() | LINHA: 43
[2026-03-31 02:03:30] [INFO] [IP: ::1] - Problema no servidor. Detalhe: ROTA: Problema no método convert() | LINHA: 43
[2026-03-31 02:03:30] [INFO] [IP: ::1] - Problema no servidor. Detalhe: ROTA: Problema no método convert() | LINHA: 43
[2026-03-31 02:03:30] [INFO] [IP: ::1] - Problema no servidor. Detalhe: ROTA: Problema no método convert() | LINHA: 43
[2026-03-31 02:03:30] [INFO] [IP: ::1] - Problema no servidor. Detalhe: ROTA: Problema no método convert() | LINHA: 43
[2026-03-31 02:03:30] [INFO] [IP: ::1] - Problema no servidor. Detalhe: ROTA: Problema no método convert() | LINHA: 43
[2026-03-31 02:03:30] [INFO] [IP: ::1] - Problema no servidor. Detalhe: ROTA: Problema no método convert() | LINHA: 43
[2026-03-31 02:03:30] [INFO] [IP: ::1] - Problema no servidor. Detalhe: ROTA: Problema no método convert() | LINHA: 43
[2026-03-31 02:03:30] [INFO] [IP: ::1] - Problema no servidor. Detalhe: ROTA: Problema no método convert() | LINHA: 43
[2026-03-31 02:03:30] [INFO] [IP: ::1] - Problema no servidor. Detalhe: ROTA: Problema no método convert() | LINHA: 43
[2026-03-31 02:03:30] [INFO] [IP: ::1] - Problema no servidor. Detalhe: ROTA: Problema no método convert() | LINHA: 43
[2026-03-31 02:03:30] [INFO] [IP: ::1] - Problema no servidor. Detalhe: ROTA: Problema no método convert() | LINHA: 43
[2026-03-31 02:03:30] [INFO] [IP: ::1] - Problema no servidor. Detalhe: ROTA: Problema no método convert() | LINHA: 43
[2026-03-31 02:03:30] [INFO] [IP: ::1] - Problema no servidor. Detalhe: ROTA: Problema no método convert() | LINHA: 43
[2026-03-31 02:03:30] [INFO] [IP: ::1] - Problema no servidor. Detalhe: ROTA: Problema no método convert() | LINHA: 43
[2026-03-31 02:03:30] [INFO] [IP: ::1] - Problema no servidor. Detalhe: ROTA: Problema no método convert() | LINHA: 43
[2026-03-31 02:03:30] [INFO] [IP: ::1] - Problema no servidor. Detalhe: ROTA: Problema no método convert() | LINHA: 43
[2026-03-31 02:03:30] [INFO] [IP: ::1] - Problema no servidor. Detalhe: ROTA: Problema no método convert() | LINHA: 43
[2026-03-31 02:03:30] [INFO] [IP: ::1] - Problema no servidor. Detalhe: ROTA: Problema no método convert() | LINHA: 43
[2026-03-31 02:03:30] [INFO] [IP: ::1] - Problema no servidor. Detalhe: ROTA: Problema no método convert() | LINHA: 43
[2026-03-31 02:03:31] [INFO] [IP: ::1] - Problema no servidor. Detalhe: ROTA: Problema no método convert() | LINHA: 43
[2026-03-31 02:03:31] [INFO] [IP: ::1] - Problema no servidor. Detalhe: ROTA: Problema no método convert() | LINHA: 43
[2026-03-31 02:03:31] [INFO] [IP: ::1] - Problema no servidor. Detalhe: ROTA: Problema no método convert() | LINHA: 43
[2026-03-31 02:03:31] [INFO] [IP: ::1] - Problema no servidor. Detalhe: ROTA: Problema no método convert() | LINHA: 43
[2026-03-31 02:03:31] [INFO] [IP: ::1] - Problema no servidor. Detalhe: ROTA: Problema no método convert() | LINHA: 43
[2026-03-31 02:03:31] [INFO] [IP: ::1] - Problema no servidor. Detalhe: ROTA: Problema no método convert() | LINHA: 43
[2026-03-31 02:03:31] [INFO] [IP: ::1] - Problema no servidor. Detalhe: ROTA: Problema no método convert() | LINHA: 43
[2026-03-31 02:03:31] [INFO] [IP: ::1] - Problema no servidor. Detalhe: ROTA: Problema no método convert() | LINHA: 43
[2026-03-31 02:03:31] [INFO] [IP: ::1] - Problema no servidor. Detalhe: ROTA: Problema no método convert() | LINHA: 43
[2026-03-31 02:03:31] [INFO] [IP: ::1] - Problema no servidor. Detalhe: ROTA: Problema no método convert() | LINHA: 43
[2026-03-31 02:03:31] [INFO] [IP: ::1] - Problema no servidor. Detalhe: ROTA: Problema no método convert() | LINHA: 43
[2026-03-31 02:03:31] [INFO] [IP: ::1] - Problema no servidor. Detalhe: ROTA: Problema no método convert() | LINHA: 43
[2026-03-31 02:03:31] [INFO] [IP: ::1] - Problema no servidor. Detalhe: ROTA: Problema no método convert() | LINHA: 43
[2026-03-31 02:03:31] [INFO] [IP: ::1] - Problema no servidor. Detalhe: ROTA: Problema no método convert() | LINHA: 43
[2026-03-31 02:03:31] [INFO] [IP: ::1] - Problema no servidor. Detalhe: ROTA: Problema no método convert() | LINHA: 43
[2026-03-31 02:03:31] [INFO] [IP: ::1] - Problema no servidor. Detalhe: ROTA: Problema no método convert() | LINHA: 43
[2026-03-31 02:03:31] [INFO] [IP: ::1] - Problema no servidor. Detalhe: ROTA: Problema no método convert() | LINHA: 43
[2026-03-31 02:03:31] [INFO] [IP: ::1] - Problema no servidor. Detalhe: ROTA: Problema no método convert() | LINHA: 43
[2026-03-31 02:03:31] [INFO] [IP: ::1] - Problema no servidor. Detalhe: ROTA: Problema no método convert() | LINHA: 43
[2026-03-31 02:03:31] [INFO] [IP: ::1] - Problema no servidor. Detalhe: ROTA: Problema no método convert() | LINHA: 43
[2026-04-02 21:32:02] [INFO] [IP: ::1] - Problema no servidor. Detalhe: ROTA: Erro ao consultar o DB: SQLSTATE[42S22]: Column not found: 1054 Unknown column 'projects.title' in 'SELECT' | LINHA: 35
[2026-04-02 21:33:11] [INFO] [IP: ::1] - Problema no servidor. Detalhe: ROTA: Erro ao consultar o DB: SQLSTATE[42S22]: Column not found: 1054 Unknown column 'projects.title' in 'SELECT' | LINHA: 35
[2026-04-02 21:33:28] [INFO] [IP: ::1] - Problema no servidor. Detalhe: ROTA: Erro ao consultar o DB: SQLSTATE[42S22]: Column not found: 1054 Unknown column 'projects.title' in 'SELECT' | LINHA: 35
[2026-04-02 21:36:05] [INFO] [IP: ::1] - Problema no servidor. Detalhe: ROTA: Erro ao consultar o DB: SQLSTATE[42000]: Syntax error or access violation: 1064 You have an error in your SQL syntax; check the manual that corresponds to your MariaDB server version for the right syntax to use near '.id AS tech_id,
                technologies.nome AS tech_name
            FR...' at line 9 | LINHA: 35
[2026-04-02 21:43:29] [INFO] [IP: ::1] - Problema no servidor. Detalhe: ROTA: Erro ao consultar o DB: SQLSTATE[42S22]: Column not found: 1054 Unknown column 'technologies.icon' in 'SELECT' | LINHA: 35
[2026-04-02 23:43:57] [INFO] [IP: ::1] - Problema no servidor. Detalhe: ROTA: Erro ao consultar o DB: SQLSTATE[42000]: Syntax error or access violation: 1064 You have an error in your SQL syntax; check the manual that corresponds to your MariaDB server version for the right syntax to use near 'FROM projects
        INNER JOIN project_technologies ON projects.id = projec...' at line 11 | LINHA: 35
[2026-04-03 21:36:03] [INFO] [IP: ::1] - Problema no servidor. Detalhe: ROTA: Erro ao consultar o DB: SQLSTATE[42S22]: Column not found: 1054 Unknown column 'projects_technologies.project_id' in 'ON' | LINHA: 35
[2026-04-03 21:36:56] [INFO] [IP: ::1] - Problema no servidor. Detalhe: ROTA: Erro ao consultar o DB: SQLSTATE[42S22]: Column not found: 1054 Unknown column 'project_technologies.technology_idb' in 'ON' | LINHA: 35
[2026-04-03 21:39:16] [INFO] [IP: ::1] - Problema no servidor. Detalhe: ROTA: Erro ao consultar o DB: SQLSTATE[42S22]: Column not found: 1054 Unknown column 'techonologies.id' in 'ON' | LINHA: 35
